[INFO] Scanning for projects...
[INFO] 
[INFO] -------------------< com.lurefish:lure-fish-backend >-------------------
[INFO] Building lure-fish-backend 1.0.0
[INFO]   from pom.xml
[INFO] --------------------------------[ jar ]---------------------------------
[INFO] 
[INFO] >>> spring-boot:3.4.3:run (default-cli) > test-compile @ lure-fish-backend >>>
[INFO] 
[INFO] --- resources:3.3.1:resources (default-resources) @ lure-fish-backend ---
[INFO] Copying 1 resource from src/main/resources to target/classes
[INFO] Copying 0 resource from src/main/resources to target/classes
[INFO] 
[INFO] --- compiler:3.13.0:compile (default-compile) @ lure-fish-backend ---
[INFO] Nothing to compile - all classes are up to date.
[INFO] 
[INFO] --- resources:3.3.1:testResources (default-testResources) @ lure-fish-backend ---
[INFO] skip non existing resourceDirectory /Users/soya/Desktop/lure-fish-website/backend/src/test/resources
[INFO] 
[INFO] --- compiler:3.13.0:testCompile (default-testCompile) @ lure-fish-backend ---
[INFO] No sources to compile
[INFO] 
[INFO] <<< spring-boot:3.4.3:run (default-cli) < test-compile @ lure-fish-backend <<<
[INFO] 
[INFO] 
[INFO] --- spring-boot:3.4.3:run (default-cli) @ lure-fish-backend ---
[INFO] Attaching agents: []

  .   ____          _            __ _ _
 /\\ / ___'_ __ _ _(_)_ __  __ _ \ \ \ \
( ( )\___ | '_ | '_| | '_ \/ _` | \ \ \ \
 \\/  ___)| |_)| | | | | || (_| |  ) ) ) )
  '  |____| .__|_| |_|_| |_\__, | / / / /
 =========|_|==============|___/=/_/_/_/

 :: Spring Boot ::                (v3.4.3)

2026-03-20T16:40:42.313+08:00  INFO 95035 --- [           main] com.lurefish.LureFishApplication         : Starting LureFishApplication using Java 25.0.2 with PID 95035 (/Users/soya/Desktop/lure-fish-website/backend/target/classes started by soya in /Users/soya/Desktop/lure-fish-website/backend)
2026-03-20T16:40:42.313+08:00 DEBUG 95035 --- [           main] com.lurefish.LureFishApplication         : Running with Spring Boot v3.4.3, Spring v6.2.3
2026-03-20T16:40:42.314+08:00  INFO 95035 --- [           main] com.lurefish.LureFishApplication         : No active profile set, falling back to 1 default profile: "default"
2026-03-20T16:40:42.576+08:00  INFO 95035 --- [           main] .s.d.r.c.RepositoryConfigurationDelegate : Bootstrapping Spring Data JPA repositories in DEFAULT mode.
2026-03-20T16:40:42.601+08:00  INFO 95035 --- [           main] .s.d.r.c.RepositoryConfigurationDelegate : Finished Spring Data repository scanning in 21 ms. Found 1 JPA repository interface.
WARNING: A restricted method in java.lang.System has been called
WARNING: java.lang.System::load has been called by org.apache.tomcat.jni.Library in an unnamed module (file:/Users/soya/.m2/repository/org/apache/tomcat/embed/tomcat-embed-core/10.1.36/tomcat-embed-core-10.1.36.jar)
WARNING: Use --enable-native-access=ALL-UNNAMED to avoid a warning for callers in this module
WARNING: Restricted methods will be blocked in a future release unless native access is enabled

2026-03-20T16:40:42.856+08:00  INFO 95035 --- [           main] o.s.b.w.embedded.tomcat.TomcatWebServer  : Tomcat initialized with port 8080 (http)
2026-03-20T16:40:42.865+08:00  INFO 95035 --- [           main] o.apache.catalina.core.StandardService   : Starting service [Tomcat]
2026-03-20T16:40:42.865+08:00  INFO 95035 --- [           main] o.apache.catalina.core.StandardEngine    : Starting Servlet engine: [Apache Tomcat/10.1.36]
2026-03-20T16:40:42.893+08:00  INFO 95035 --- [           main] o.a.c.c.C.[Tomcat].[localhost].[/]       : Initializing Spring embedded WebApplicationContext
2026-03-20T16:40:42.893+08:00  INFO 95035 --- [           main] w.s.c.ServletWebServerApplicationContext : Root WebApplicationContext: initialization completed in 557 ms
2026-03-20T16:40:42.977+08:00  INFO 95035 --- [           main] o.hibernate.jpa.internal.util.LogHelper  : HHH000204: Processing PersistenceUnitInfo [name: default]
2026-03-20T16:40:43.004+08:00  INFO 95035 --- [           main] org.hibernate.Version                    : HHH000412: Hibernate ORM core version 6.6.8.Final
2026-03-20T16:40:43.020+08:00  INFO 95035 --- [           main] o.h.c.internal.RegionFactoryInitiator    : HHH000026: Second-level cache disabled
2026-03-20T16:40:43.165+08:00  INFO 95035 --- [           main] o.s.o.j.p.SpringPersistenceUnitInfo      : No LoadTimeWeaver setup: ignoring JPA class transformer
2026-03-20T16:40:43.181+08:00  INFO 95035 --- [           main] com.zaxxer.hikari.HikariDataSource       : HikariPool-1 - Starting...
2026-03-20T16:40:43.303+08:00  INFO 95035 --- [           main] com.zaxxer.hikari.pool.HikariPool        : HikariPool-1 - Added connection conn0: url=jdbc:h2:file:./data/lurefish user=SA
2026-03-20T16:40:43.304+08:00  INFO 95035 --- [           main] com.zaxxer.hikari.HikariDataSource       : HikariPool-1 - Start completed.
2026-03-20T16:40:43.319+08:00  WARN 95035 --- [           main] org.hibernate.orm.deprecation            : HHH90000025: H2Dialect does not need to be specified explicitly using 'hibernate.dialect' (remove the property setting and it will be selected by default)
2026-03-20T16:40:43.328+08:00  INFO 95035 --- [           main] org.hibernate.orm.connections.pooling    : HHH10001005: Database info:
	Database JDBC URL [Connecting through datasource 'HikariDataSource (HikariPool-1)']
	Database driver: undefined/unknown
	Database version: 2.3.232
	Autocommit mode: undefined/unknown
	Isolation level: undefined/unknown
	Minimum pool size: undefined/unknown
	Maximum pool size: undefined/unknown
2026-03-20T16:40:43.754+08:00  INFO 95035 --- [           main] o.h.e.t.j.p.i.JtaPlatformInitiator       : HHH000489: No JTA platform available (set 'hibernate.transaction.jta.platform' to enable JTA platform integration)
2026-03-20T16:40:43.782+08:00  INFO 95035 --- [           main] j.LocalContainerEntityManagerFactoryBean : Initialized JPA EntityManagerFactory for persistence unit 'default'
2026-03-20T16:40:43.912+08:00  WARN 95035 --- [           main] JpaBaseConfiguration$JpaWebConfiguration : spring.jpa.open-in-view is enabled by default. Therefore, database queries may be performed during view rendering. Explicitly configure spring.jpa.open-in-view to disable this warning
2026-03-20T16:40:44.033+08:00  INFO 95035 --- [           main] o.s.b.a.h2.H2ConsoleAutoConfiguration    : H2 console available at '/h2-console'. Database available at 'jdbc:h2:file:./data/lurefish'
2026-03-20T16:40:44.071+08:00  INFO 95035 --- [           main] o.s.b.w.embedded.tomcat.TomcatWebServer  : Tomcat started on port 8080 (http) with context path '/'
2026-03-20T16:40:44.076+08:00  INFO 95035 --- [           main] com.lurefish.LureFishApplication         : Started LureFishApplication in 1.945 seconds (process running for 2.106)
Hibernate: 
    select
        count(*) 
    from
        fish f1_0
2026-03-20T16:42:15.811+08:00  INFO 95035 --- [nio-8080-exec-1] o.a.c.c.C.[Tomcat].[localhost].[/]       : Initializing Spring DispatcherServlet 'dispatcherServlet'
2026-03-20T16:42:15.812+08:00  INFO 95035 --- [nio-8080-exec-1] o.s.web.servlet.DispatcherServlet        : Initializing Servlet 'dispatcherServlet'
2026-03-20T16:42:15.813+08:00  INFO 95035 --- [nio-8080-exec-1] o.s.web.servlet.DispatcherServlet        : Completed initialization in 1 ms
Hibernate: 
    select
        f1_0.id,
        f1_0.description,
        f1_0.difficulty,
        f1_0.habitat,
        f1_0.image_url,
        f1_0.name,
        f1_0.scientific_name,
        f1_0.season,
        f1_0.size_range,
        f1_0.tackle,
        f1_0.water_layer,
        f1_0.weight_range 
    from
        fish f1_0
Hibernate: 
    select
        l1_0.fish_id,
        l1_0.lure 
    from
        fish_lures l1_0 
    where
        l1_0.fish_id=?
Hibernate: 
    select
        t1_0.fish_id,
        t1_0.technique 
    from
        fish_techniques t1_0 
    where
        t1_0.fish_id=?
Hibernate: 
    select
        t1_0.fish_id,
        t1_0.tip 
    from
        fish_tips t1_0 
    where
        t1_0.fish_id=?
Hibernate: 
    select
        l1_0.fish_id,
        l1_0.lure 
    from
        fish_lures l1_0 
    where
        l1_0.fish_id=?
Hibernate: 
    select
        t1_0.fish_id,
        t1_0.technique 
    from
        fish_techniques t1_0 
    where
        t1_0.fish_id=?
Hibernate: 
    select
        t1_0.fish_id,
        t1_0.tip 
    from
        fish_tips t1_0 
    where
        t1_0.fish_id=?
Hibernate: 
    select
        l1_0.fish_id,
        l1_0.lure 
    from
        fish_lures l1_0 
    where
        l1_0.fish_id=?
Hibernate: 
    select
        t1_0.fish_id,
        t1_0.technique 
    from
        fish_techniques t1_0 
    where
        t1_0.fish_id=?
Hibernate: 
    select
        t1_0.fish_id,
        t1_0.tip 
    from
        fish_tips t1_0 
    where
        t1_0.fish_id=?
Hibernate: 
    select
        f1_0.id,
        f1_0.description,
        f1_0.difficulty,
        f1_0.habitat,
        f1_0.image_url,
        f1_0.name,
        f1_0.scientific_name,
        f1_0.season,
        f1_0.size_range,
        f1_0.tackle,
        f1_0.water_layer,
        f1_0.weight_range 
    from
        fish f1_0
Hibernate: 
    select
        l1_0.fish_id,
        l1_0.lure 
    from
        fish_lures l1_0 
    where
        l1_0.fish_id=?
Hibernate: 
    select
        t1_0.fish_id,
        t1_0.technique 
    from
        fish_techniques t1_0 
    where
        t1_0.fish_id=?
Hibernate: 
    select
        t1_0.fish_id,
        t1_0.tip 
    from
        fish_tips t1_0 
    where
        t1_0.fish_id=?
Hibernate: 
    select
        l1_0.fish_id,
        l1_0.lure 
    from
        fish_lures l1_0 
    where
        l1_0.fish_id=?
Hibernate: 
    select
        t1_0.fish_id,
        t1_0.technique 
    from
        fish_techniques t1_0 
    where
        t1_0.fish_id=?
Hibernate: 
    select
        t1_0.fish_id,
        t1_0.tip 
    from
        fish_tips t1_0 
    where
        t1_0.fish_id=?
Hibernate: 
    select
        l1_0.fish_id,
        l1_0.lure 
    from
        fish_lures l1_0 
    where
        l1_0.fish_id=?
Hibernate: 
    select
        t1_0.fish_id,
        t1_0.technique 
    from
        fish_techniques t1_0 
    where
        t1_0.fish_id=?
Hibernate: 
    select
        t1_0.fish_id,
        t1_0.tip 
    from
        fish_tips t1_0 
    where
        t1_0.fish_id=?
Hibernate: 
    select
        f1_0.id,
        f1_0.description,
        f1_0.difficulty,
        f1_0.habitat,
        f1_0.image_url,
        f1_0.name,
        f1_0.scientific_name,
        f1_0.season,
        f1_0.size_range,
        f1_0.tackle,
        f1_0.water_layer,
        f1_0.weight_range 
    from
        fish f1_0
Hibernate: 
    select
        l1_0.fish_id,
        l1_0.lure 
    from
        fish_lures l1_0 
    where
        l1_0.fish_id=?
Hibernate: 
    select
        t1_0.fish_id,
        t1_0.technique 
    from
        fish_techniques t1_0 
    where
        t1_0.fish_id=?
Hibernate: 
    select
        t1_0.fish_id,
        t1_0.tip 
    from
        fish_tips t1_0 
    where
        t1_0.fish_id=?
Hibernate: 
    select
        l1_0.fish_id,
        l1_0.lure 
    from
        fish_lures l1_0 
    where
        l1_0.fish_id=?
Hibernate: 
    select
        t1_0.fish_id,
        t1_0.technique 
    from
        fish_techniques t1_0 
    where
        t1_0.fish_id=?
Hibernate: 
    select
        t1_0.fish_id,
        t1_0.tip 
    from
        fish_tips t1_0 
    where
        t1_0.fish_id=?
Hibernate: 
    select
        l1_0.fish_id,
        l1_0.lure 
    from
        fish_lures l1_0 
    where
        l1_0.fish_id=?
Hibernate: 
    select
        t1_0.fish_id,
        t1_0.technique 
    from
        fish_techniques t1_0 
    where
        t1_0.fish_id=?
Hibernate: 
    select
        t1_0.fish_id,
        t1_0.tip 
    from
        fish_tips t1_0 
    where
        t1_0.fish_id=?
Hibernate: 
    insert 
    into
        fish
        (description, difficulty, habitat, image_url, name, scientific_name, season, size_range, tackle, water_layer, weight_range, id) 
    values
        (?, ?, ?, ?, ?, ?, ?, ?, ?, ?, ?, default)
Hibernate: 
    insert 
    into
        fish_lures
        (fish_id, lure) 
    values
        (?, ?)
Hibernate: 
    insert 
    into
        fish_techniques
        (fish_id, technique) 
    values
        (?, ?)
Hibernate: 
    insert 
    into
        fish_tips
        (fish_id, tip) 
    values
        (?, ?)
Hibernate: 
    select
        f1_0.id,
        f1_0.description,
        f1_0.difficulty,
        f1_0.habitat,
        f1_0.image_url,
        f1_0.name,
        f1_0.scientific_name,
        f1_0.season,
        f1_0.size_range,
        f1_0.tackle,
        f1_0.water_layer,
        f1_0.weight_range 
    from
        fish f1_0
Hibernate: 
    select
        l1_0.fish_id,
        l1_0.lure 
    from
        fish_lures l1_0 
    where
        l1_0.fish_id=?
Hibernate: 
    select
        t1_0.fish_id,
        t1_0.technique 
    from
        fish_techniques t1_0 
    where
        t1_0.fish_id=?
Hibernate: 
    select
        t1_0.fish_id,
        t1_0.tip 
    from
        fish_tips t1_0 
    where
        t1_0.fish_id=?
Hibernate: 
    select
        l1_0.fish_id,
        l1_0.lure 
    from
        fish_lures l1_0 
    where
        l1_0.fish_id=?
Hibernate: 
    select
        t1_0.fish_id,
        t1_0.technique 
    from
        fish_techniques t1_0 
    where
        t1_0.fish_id=?
Hibernate: 
    select
        t1_0.fish_id,
        t1_0.tip 
    from
        fish_tips t1_0 
    where
        t1_0.fish_id=?
Hibernate: 
    select
        l1_0.fish_id,
        l1_0.lure 
    from
        fish_lures l1_0 
    where
        l1_0.fish_id=?
Hibernate: 
    select
        t1_0.fish_id,
        t1_0.technique 
    from
        fish_techniques t1_0 
    where
        t1_0.fish_id=?
Hibernate: 
    select
        t1_0.fish_id,
        t1_0.tip 
    from
        fish_tips t1_0 
    where
        t1_0.fish_id=?
Hibernate: 
    select
        l1_0.fish_id,
        l1_0.lure 
    from
        fish_lures l1_0 
    where
        l1_0.fish_id=?
Hibernate: 
    select
        t1_0.fish_id,
        t1_0.technique 
    from
        fish_techniques t1_0 
    where
        t1_0.fish_id=?
Hibernate: 
    select
        t1_0.fish_id,
        t1_0.tip 
    from
        fish_tips t1_0 
    where
        t1_0.fish_id=?
Hibernate: 
    select
        f1_0.id,
        f1_0.description,
        f1_0.difficulty,
        f1_0.habitat,
        f1_0.image_url,
        f1_0.name,
        f1_0.scientific_name,
        f1_0.season,
        f1_0.size_range,
        f1_0.tackle,
        f1_0.water_layer,
        f1_0.weight_range 
    from
        fish f1_0
Hibernate: 
    select
        l1_0.fish_id,
        l1_0.lure 
    from
        fish_lures l1_0 
    where
        l1_0.fish_id=?
Hibernate: 
    select
        t1_0.fish_id,
        t1_0.technique 
    from
        fish_techniques t1_0 
    where
        t1_0.fish_id=?
Hibernate: 
    select
        t1_0.fish_id,
        t1_0.tip 
    from
        fish_tips t1_0 
    where
        t1_0.fish_id=?
Hibernate: 
    select
        l1_0.fish_id,
        l1_0.lure 
    from
        fish_lures l1_0 
    where
        l1_0.fish_id=?
Hibernate: 
    select
        t1_0.fish_id,
        t1_0.technique 
    from
        fish_techniques t1_0 
    where
        t1_0.fish_id=?
Hibernate: 
    select
        t1_0.fish_id,
        t1_0.tip 
    from
        fish_tips t1_0 
    where
        t1_0.fish_id=?
Hibernate: 
    select
        l1_0.fish_id,
        l1_0.lure 
    from
        fish_lures l1_0 
    where
        l1_0.fish_id=?
Hibernate: 
    select
        t1_0.fish_id,
        t1_0.technique 
    from
        fish_techniques t1_0 
    where
        t1_0.fish_id=?
Hibernate: 
    select
        t1_0.fish_id,
        t1_0.tip 
    from
        fish_tips t1_0 
    where
        t1_0.fish_id=?
Hibernate: 
    select
        l1_0.fish_id,
        l1_0.lure 
    from
        fish_lures l1_0 
    where
        l1_0.fish_id=?
Hibernate: 
    select
        t1_0.fish_id,
        t1_0.technique 
    from
        fish_techniques t1_0 
    where
        t1_0.fish_id=?
Hibernate: 
    select
        t1_0.fish_id,
        t1_0.tip 
    from
        fish_tips t1_0 
    where
        t1_0.fish_id=?
